Arguments: 
  /usr/local/bin/node /usr/local/Cellar/yarn/1.9.4/libexec/bin/yarn.js add bootstrap --save

PATH: 
  /Library/Frameworks/Python.framework/Versions/3.6/bin:/opt/local/bin:/opt/local/sbin:/Users/malikbeyah/.rvm/gems/ruby-2.3.3/bin:/Users/malikbeyah/.rvm/gems/ruby-2.3.3@global/bin:/Users/malikbeyah/.rvm/rubies/ruby-2.3.3/bin:/usr/local/bin:/usr/bin:/bin:/usr/sbin:/sbin:/usr/local/bin/chromedriver:/Library/Frameworks/Mono.framework/Versions/Current/Commands:/Applications/Postgres.app/Contents/Versions/latest/bin:/Applications/Xamarin Workbooks.app/Contents/SharedSupport/path-bin:/Library/Frameworks/Python.framework/Versions/3.6/bin:/opt/local/bin:/opt/local/sbin:/Users/malikbeyah/.rvm/gems/ruby-2.3.3/bin:/Users/malikbeyah/.rvm/gems/ruby-2.3.3@global/bin:/Users/malikbeyah/.rvm/rubies/ruby-2.3.3/bin:/Users/malikbeyah/.rvm/bin:/usr/local/mongodb/bin:/Users/malikbeyah/.rvm/bin:/usr/local/mongodb/bin

Yarn version: 
  1.9.4

Node version: 
  12.6.0

Platform: 
  darwin x64

Trace: 
  Error: self signed certificate in certificate chain
      at TLSSocket.onConnectSecure (_tls_wrap.js:1317:34)
      at TLSSocket.emit (events.js:203:13)
      at TLSSocket._finishInit (_tls_wrap.js:792:8)
      at TLSWrap.ssl.onhandshakedone (_tls_wrap.js:606:12)

npm manifest: 
  {
    "name": "e2esvcrqst-app",
    "version": "1.0.0",
    "description": "frontend service request app",
    "main": "index.js",
    "scripts": {
      "test": "echo \"Error: no test specified\" && exit 1"
    },
    "repository": {
      "type": "git",
      "url": "git+https://github.com/mbthd/e2esvcrqst.git"
    },
    "author": "self",
    "license": "MIT",
    "bugs": {
      "url": "https://github.com/mbthd/e2esvcrqst/issues"
    },
    "homepage": "https://github.com/mbthd/e2esvcrqst#readme",
    "dependencies": {
      "axios": "^0.19.0",
      "react-router-dom": "^5.0.1"
    }
  }

yarn manifest: 
  No manifest

Lockfile: 
  No lockfile
