Arguments: 
  /usr/local/bin/node /usr/local/Cellar/yarn/1.9.4/libexec/bin/yarn.js add git

PATH: 
  /Library/Frameworks/Python.framework/Versions/3.6/bin:/opt/local/bin:/opt/local/sbin:/Users/malikbeyah/.rvm/gems/ruby-2.3.3/bin:/Users/malikbeyah/.rvm/gems/ruby-2.3.3@global/bin:/Users/malikbeyah/.rvm/rubies/ruby-2.3.3/bin:/usr/local/bin:/usr/bin:/bin:/usr/sbin:/sbin:/usr/local/bin/chromedriver:/Library/Frameworks/Mono.framework/Versions/Current/Commands:/Applications/Postgres.app/Contents/Versions/latest/bin:/Applications/Xamarin Workbooks.app/Contents/SharedSupport/path-bin:/Library/Frameworks/Python.framework/Versions/3.6/bin:/opt/local/bin:/opt/local/sbin:/Users/malikbeyah/.rvm/gems/ruby-2.3.3/bin:/Users/malikbeyah/.rvm/gems/ruby-2.3.3@global/bin:/Users/malikbeyah/.rvm/rubies/ruby-2.3.3/bin:/Users/malikbeyah/.rvm/bin:/usr/local/mongodb/bin:/Users/malikbeyah/.rvm/bin:/usr/local/mongodb/bin

Yarn version: 
  1.9.4

Node version: 
  10.16.0

Platform: 
  darwin x64

Trace: 
  Error: self signed certificate in certificate chain
      at TLSSocket.onConnectSecure (_tls_wrap.js:1055:34)
      at TLSSocket.emit (events.js:198:13)
      at TLSSocket._finishInit (_tls_wrap.js:633:8)

npm manifest: 
  {
    "name": "e2esvcrequest",
    "version": "1.0.0",
    "description": "frontend and backend control center",
    "main": "index.js",
    "repository": "https://github.com/mbthd/e2esvcrequest.git",
    "license": "MIT",
    "dependencies": {
      "node": "^12.6.0"
    }
  }

yarn manifest: 
  No manifest

Lockfile: 
  No lockfile
